[I 2021-06-22 21:35:16,321] A new study created in memory with name: no-name-69168397-3f2b-4f5b-8e80-c43468308a20
C:\Users\Laura\Anaconda3\envs\mlops_project\lib\site-packages\optuna\distributions.py:560: UserWarning: The distribution is specified by [3, 120] and step=5, but the range is not divisible by `step`. It will be replaced by [3, 118].
  warnings.warn(
[I 2021-06-22 21:36:49,586] Trial 0 finished with value: 0.5220000147819519 and parameters: {'lr': 0.00023, 'n_neurons': 103, 'epochs': 12, 'batch_size': 114}. Best is trial 0 with value: 0.5220000147819519.
[I 2021-06-22 21:40:51,978] Trial 1 finished with value: 0.5960000157356262 and parameters: {'lr': 0.0004900000000000001, 'n_neurons': 73, 'epochs': 32, 'batch_size': 65}. Best is trial 1 with value: 0.5960000157356262.
[I 2021-06-22 21:41:45,851] Trial 2 finished with value: 0.5120000243186951 and parameters: {'lr': 0.00030000000000000003, 'n_neurons': 23, 'epochs': 7, 'batch_size': 92}. Best is trial 1 with value: 0.5960000157356262.
[I 2021-06-22 21:43:53,367] Trial 3 pruned.
[I 2021-06-22 21:45:57,060] Trial 4 pruned.
[I 2021-06-22 21:48:39,734] Trial 5 finished with value: 0.5860000252723694 and parameters: {'lr': 0.0006000000000000001, 'n_neurons': 33, 'epochs': 15, 'batch_size': 32}. Best is trial 1 with value: 0.5960000157356262.
[I 2021-06-22 21:49:27,125] Trial 6 pruned.
[I 2021-06-22 21:50:10,717] Trial 7 finished with value: 0.5713333487510681 and parameters: {'lr': 0.0009700000000000002, 'n_neurons': 23, 'epochs': 5, 'batch_size': 26}. Best is trial 1 with value: 0.5960000157356262.
[I 2021-06-22 21:50:51,108] Trial 8 finished with value: 0.5339999794960022 and parameters: {'lr': 0.0007000000000000001, 'n_neurons': 93, 'epochs': 5, 'batch_size': 72}. Best is trial 1 with value: 0.5960000157356262.
[I 2021-06-22 21:51:36,153] Trial 9 pruned.
[I 2021-06-22 21:54:26,778] Trial 10 pruned.
[I 2021-06-22 22:01:09,325] Trial 11 finished with value: 0.5913333296775818 and parameters: {'lr': 0.00064, 'n_neurons': 53, 'epochs': 18, 'batch_size': 3}. Best is trial 1 with value: 0.5960000157356262.
[I 2021-06-22 22:08:57,542] Trial 12 finished with value: 0.5913333296775818 and parameters: {'lr': 0.0008100000000000001, 'n_neurons': 58, 'epochs': 19, 'batch_size': 3}. Best is trial 1 with value: 0.5960000157356262.
[I 2021-06-22 22:11:46,966] Trial 13 pruned.
[I 2021-06-22 22:12:33,028] Trial 14 pruned.
[I 2021-06-22 22:28:57,027] Trial 15 pruned.
[I 2021-06-22 22:32:29,731] Trial 16 finished with value: 0.5853333473205566 and parameters: {'lr': 0.0009600000000000001, 'n_neurons': 48, 'epochs': 23, 'batch_size': 15}. Best is trial 1 with value: 0.5960000157356262.
[I 2021-06-22 22:33:15,325] Trial 17 pruned.
[I 2021-06-22 22:34:03,559] Trial 18 pruned.
[I 2021-06-22 22:34:50,028] Trial 19 pruned.
[I 2021-06-22 22:35:36,106] Trial 20 pruned.
[I 2021-06-22 22:40:43,983] Trial 21 finished with value: 0.5646666884422302 and parameters: {'lr': 0.0006900000000000001, 'n_neurons': 48, 'epochs': 19, 'batch_size': 5}. Best is trial 1 with value: 0.5960000157356262.
[I 2021-06-22 22:43:40,357] Trial 22 finished with value: 0.5920000076293945 and parameters: {'lr': 0.0009000000000000001, 'n_neurons': 53, 'epochs': 18, 'batch_size': 12}. Best is trial 1 with value: 0.5960000157356262.
[I 2021-06-22 22:45:47,841] Trial 23 finished with value: 0.578000009059906 and parameters: {'lr': 0.0008900000000000001, 'n_neurons': 68, 'epochs': 14, 'batch_size': 20}. Best is trial 1 with value: 0.5960000157356262.
[I 2021-06-22 22:46:36,185] Trial 24 pruned.
[I 2021-06-22 22:47:36,450] Trial 25 pruned.
[I 2021-06-22 22:48:23,857] Trial 26 pruned.
[I 2021-06-22 22:49:07,997] Trial 27 pruned.
[I 2021-06-22 22:49:54,404] Trial 28 pruned.
[I 2021-06-22 22:50:45,044] Trial 29 pruned.
[I 2021-06-22 22:51:37,574] Trial 30 pruned.
[I 2021-06-22 22:56:16,274] Trial 31 finished with value: 0.6013333201408386 and parameters: {'lr': 0.00063, 'n_neurons': 53, 'epochs': 18, 'batch_size': 6}. Best is trial 31 with value: 0.6013333201408386.
[I 2021-06-22 22:59:35,086] Trial 32 finished with value: 0.6013333201408386 and parameters: {'lr': 0.00076, 'n_neurons': 43, 'epochs': 20, 'batch_size': 12}. Best is trial 31 with value: 0.6013333201408386.
[I 2021-06-22 23:02:12,804] Trial 33 pruned.
[I 2021-06-22 23:03:02,570] Trial 34 pruned.
[I 2021-06-22 23:04:03,616] Trial 35 pruned.
[I 2021-06-22 23:04:50,398] Trial 36 pruned.
[I 2021-06-22 23:07:12,210] Trial 37 finished with value: 0.6006666421890259 and parameters: {'lr': 0.0007400000000000001, 'n_neurons': 33, 'epochs': 16, 'batch_size': 20}. Best is trial 31 with value: 0.6013333201408386.
[I 2021-06-22 23:08:45,195] Trial 38 pruned.
[I 2021-06-22 23:09:31,210] Trial 39 pruned.
[I 2021-06-22 23:10:20,116] Trial 40 pruned.
[I 2021-06-22 23:12:01,553] Trial 41 pruned.
[I 2021-06-22 23:14:12,865] Trial 42 pruned.
[I 2021-06-22 23:18:59,928] Trial 43 finished with value: 0.5960000157356262 and parameters: {'lr': 0.0007500000000000001, 'n_neurons': 63, 'epochs': 26, 'batch_size': 8}. Best is trial 31 with value: 0.6013333201408386.
[I 2021-06-22 23:23:15,180] Trial 44 finished with value: 0.590666651725769 and parameters: {'lr': 0.0006000000000000001, 'n_neurons': 33, 'epochs': 32, 'batch_size': 26}. Best is trial 31 with value: 0.6013333201408386.
[I 2021-06-22 23:24:01,242] Trial 45 pruned.
[I 2021-06-22 23:29:18,183] Trial 46 pruned.
[I 2021-06-22 23:30:30,952] Trial 47 pruned.
[I 2021-06-22 23:31:20,998] Trial 48 pruned.
[I 2021-06-22 23:32:09,474] Trial 49 pruned.
[I 2021-06-22 23:33:03,115] Trial 50 pruned.
[I 2021-06-22 23:36:22,162] Trial 51 finished with value: 0.6033333539962769 and parameters: {'lr': 0.0008500000000000001, 'n_neurons': 53, 'epochs': 19, 'batch_size': 9}. Best is trial 51 with value: 0.6033333539962769.
[I 2021-06-22 23:39:02,334] Trial 52 finished with value: 0.5979999899864197 and parameters: {'lr': 0.0008400000000000001, 'n_neurons': 53, 'epochs': 20, 'batch_size': 27}. Best is trial 51 with value: 0.6033333539962769.
[I 2021-06-22 23:41:33,895] Trial 53 finished with value: 0.6000000238418579 and parameters: {'lr': 0.0008400000000000001, 'n_neurons': 53, 'epochs': 19, 'batch_size': 29}. Best is trial 51 with value: 0.6033333539962769.
[I 2021-06-22 23:43:01,207] Trial 54 pruned.
[I 2021-06-22 23:48:11,520] Trial 55 pruned.
[I 2021-06-22 23:49:01,442] Trial 56 pruned.
[I 2021-06-22 23:49:50,489] Trial 57 pruned.
[I 2021-06-22 23:53:01,487] Trial 58 pruned.
[I 2021-06-22 23:53:49,081] Trial 59 pruned.
[I 2021-06-22 23:54:52,206] Trial 60 pruned.
[I 2021-06-22 23:56:11,456] Trial 61 pruned.
[I 2021-06-22 23:58:49,207] Trial 62 finished with value: 0.6000000238418579 and parameters: {'lr': 0.0008100000000000001, 'n_neurons': 63, 'epochs': 17, 'batch_size': 17}. Best is trial 51 with value: 0.6033333539962769.
[I 2021-06-22 23:59:44,626] Trial 63 pruned.
[I 2021-06-23 00:00:36,282] Trial 64 pruned.
[I 2021-06-23 00:03:38,020] Trial 65 finished with value: 0.5946666598320007 and parameters: {'lr': 0.0008200000000000001, 'n_neurons': 48, 'epochs': 22, 'batch_size': 32}. Best is trial 51 with value: 0.6033333539962769.
[I 2021-06-23 00:04:29,582] Trial 66 pruned.
[I 2021-06-23 00:06:41,212] Trial 67 pruned.
[I 2021-06-23 00:08:39,259] Trial 68 finished with value: 0.6100000143051147 and parameters: {'lr': 0.0007800000000000001, 'n_neurons': 43, 'epochs': 13, 'batch_size': 14}. Best is trial 68 with value: 0.6100000143051147.
[I 2021-06-23 00:10:19,274] Trial 69 pruned.
[I 2021-06-23 00:11:17,788] Trial 70 pruned.
[I 2021-06-23 00:12:07,882] Trial 71 pruned.
[I 2021-06-23 00:12:56,304] Trial 72 pruned.
[I 2021-06-23 00:13:55,163] Trial 73 pruned.
[I 2021-06-23 00:15:36,585] Trial 74 pruned.
[I 2021-06-23 00:16:30,070] Trial 75 pruned.
[I 2021-06-23 00:17:22,257] Trial 76 pruned.
[I 2021-06-23 00:18:07,960] Trial 77 pruned.
[I 2021-06-23 00:20:12,929] Trial 78 finished with value: 0.5926666855812073 and parameters: {'lr': 0.0006100000000000001, 'n_neurons': 73, 'epochs': 13, 'batch_size': 12}. Best is trial 68 with value: 0.6100000143051147.
[I 2021-06-23 00:21:01,632] Trial 79 pruned.
[I 2021-06-23 00:21:50,912] Trial 80 pruned.
[I 2021-06-23 00:22:36,990] Trial 81 pruned.
[I 2021-06-23 00:23:39,303] Trial 82 pruned.
[I 2021-06-23 00:24:25,350] Trial 83 pruned.
[I 2021-06-23 00:25:17,787] Trial 84 pruned.
[I 2021-06-23 00:26:29,162] Trial 85 pruned.
[I 2021-06-23 00:29:29,178] Trial 86 finished with value: 0.5973333120346069 and parameters: {'lr': 0.0007300000000000001, 'n_neurons': 48, 'epochs': 21, 'batch_size': 21}. Best is trial 68 with value: 0.6100000143051147.
[I 2021-06-23 00:30:17,225] Trial 87 pruned.
[I 2021-06-23 00:31:07,756] Trial 88 pruned.
[I 2021-06-23 00:34:02,470] Trial 89 pruned.
[I 2021-06-23 00:34:55,363] Trial 90 pruned.
[I 2021-06-23 00:35:42,800] Trial 91 pruned.
[I 2021-06-23 00:39:59,022] Trial 92 finished with value: 0.590666651725769 and parameters: {'lr': 0.0007700000000000001, 'n_neurons': 53, 'epochs': 23, 'batch_size': 8}. Best is trial 68 with value: 0.6100000143051147.
[I 2021-06-23 00:40:45,929] Trial 93 pruned.
[I 2021-06-23 00:43:40,505] Trial 94 finished with value: 0.6013333201408386 and parameters: {'lr': 0.0008300000000000001, 'n_neurons': 78, 'epochs': 22, 'batch_size': 47}. Best is trial 68 with value: 0.6100000143051147.
[I 2021-06-23 00:44:28,818] Trial 95 pruned.
[I 2021-06-23 00:45:18,459] Trial 96 pruned.
[I 2021-06-23 00:48:08,271] Trial 97 finished with value: 0.593999981880188 and parameters: {'lr': 0.0007900000000000001, 'n_neurons': 38, 'epochs': 18, 'batch_size': 13}. Best is trial 68 with value: 0.6100000143051147.
[I 2021-06-23 00:48:55,443] Trial 98 pruned.
[I 2021-06-23 00:49:44,021] Trial 99 pruned.